[Tue Dec 10 2024 20:25:43 GMT+0100 (Centraleuropæisk normaltid)] [http://localhost:5173/course/12?roomId=10] TypeError: JSON.st222ringify is not a function
[Tue Dec 10 2024 20:26:25 GMT+0100 (Centraleuropæisk normaltid)] [http://localhost:5173/course/12?roomId=10] TypeError: JSON.st222ringify is not a function Stack: TypeError: JSON.st222ringify is not a function
    at request (http://localhost:5173/src/lib/components/requests/PostRequest.svelte?t=1733858777157:34:16)
    at HTMLButtonElement.handleButtonClick (http://localhost:5173/src/lib/components/requests/PostRequest.svelte?t=1733858777157:46:9)
[Tue Dec 10 2024 20:26:48 GMT+0100 (Centraleuropæisk normaltid)] [http://localhost:5173/course/12?roomId=10] TypeError: TypeError: JSON.st222ringify is not a function
    at request (http://localhost:5173/src/lib/components/requests/PostRequest.svelte?t=1733858804663:34:16)
    at HTMLButtonElement.handleButtonClick (http://localhost:5173/src/lib/components/requests/PostRequest.svelte?t=1733858804663:46:9)
[Tue Dec 10 2024 20:29:23 GMT+0100 (Centraleuropæisk normaltid)] [http://localhost:5173/dashboard/course] TypeError: TypeError: JSON.str22ingify is not a function
    at makePostRequest (http://localhost:5173/src/lib/components/requests/PostAndDelete.svelte?t=1733858953999:37:16)
    at handleButtonClick (http://localhost:5173/src/lib/components/requests/PostAndDelete.svelte?t=1733858953999:72:9)
    at HTMLButtonElement.<anonymous> (http://localhost:5173/src/lib/components/requests/PostAndDelete.svelte?t=1733858953999:80:33)
    at http://localhost:5173/node_modules/.vite/deps/chunk-IPX5XGS3.js?v=8779fb49:2553:24
    at without_reactive_context (http://localhost:5173/node_modules/.vite/deps/chunk-IPX5XGS3.js?v=8779fb49:2505:12)
    at HTMLButtonElement.target_handler (http://localhost:5173/node_modules/.vite/deps/chunk-IPX5XGS3.js?v=8779fb49:2552:14)
[Tue Dec 10 2024 20:30:59 GMT+0100 (Centraleuropæisk normaltid)] [http://localhost:5173/dashboard/course] TypeError: TypeError: JSON.str22ingify is not a function
    at makeDeleteRequest (http://localhost:5173/src/lib/components/requests/PostAndDelete.svelte?t=1733859039093:60:16)
    at handleButtonClick (http://localhost:5173/src/lib/components/requests/PostAndDelete.svelte?t=1733859039093:73:9)
[Tue Dec 10 2024 20:32:28 GMT+0100 (Centraleuropæisk normaltid)] [http://localhost:5173/content] ReferenceError: ReferenceError: handle2222Response is not defined
    at deleteFunction (http://localhost:5173/src/lib/components/requests/DeleteRequest.svelte?t=1733859145157:34:4)
[Tue Dec 10 2024 20:33:01 GMT+0100 (Centraleuropæisk normaltid)] [http://localhost:5173/content] ReferenceError: ReferenceError: handle2222Response is not defined
    at HTMLFormElement.requestDataResponse (http://localhost:5173/src/lib/components/requests/CreateRequest.svelte?t=1733859178247:42:19)
[Tue Dec 10 2024 20:34:52 GMT+0100 (Centraleuropæisk normaltid)] [http://localhost:5173/dashboard/users] TypeError: TypeError: JSON.stringi123123123fy is not a function
    at HTMLFormElement.handleSubmit (http://localhost:5173/src/lib/components/modal/ModalRoom.svelte?t=1733859277732:53:16)
    at HTMLFormElement.<anonymous> (http://localhost:5173/node_modules/.vite/deps/chunk-ISDEVLMZ.js?v=8779fb49:626:37)
    at http://localhost:5173/node_modules/.vite/deps/chunk-IPX5XGS3.js?v=8779fb49:2553:24
    at without_reactive_context (http://localhost:5173/node_modules/.vite/deps/chunk-IPX5XGS3.js?v=8779fb49:2505:12)
    at HTMLFormElement.target_handler (http://localhost:5173/node_modules/.vite/deps/chunk-IPX5XGS3.js?v=8779fb49:2552:14)
